09:45:08 **** Build of project standalone_bsp_1 ****
make -k all 
Running Make include in sys_mb_microblaze_0/libsrc/tmrctr_v4_5/src
make -C sys_mb_microblaze_0/libsrc/tmrctr_v4_5/src -s include  "SHELL=/bin/sh" "COMPILER=mb-gcc" "ARCHIVER=mb-ar" "COMPILER_FLAGS=  -O2 -c -mcpu=v11.0 -mhard-float -mlittle-endian -mno-xl-soft-div -mno-xl-soft-mul -mxl-barrel-shift -mxl-pattern-compare" "EXTRA_COMPILER_FLAGS=-ffunction-sections -fdata-sections -Wall -Wextra"
Running Make include in sys_mb_microblaze_0/libsrc/standalone_v7_0/src
make -C sys_mb_microblaze_0/libsrc/standalone_v7_0/src -s include  "SHELL=/bin/sh" "COMPILER=mb-gcc" "ARCHIVER=mb-ar" "COMPILER_FLAGS=  -O2 -c -mcpu=v11.0 -mhard-float -mlittle-endian -mno-xl-soft-div -mno-xl-soft-mul -mxl-barrel-shift -mxl-pattern-compare" "EXTRA_COMPILER_FLAGS=-ffunction-sections -fdata-sections -Wall -Wextra"
Running Make include in sys_mb_microblaze_0/libsrc/spi_v4_4/src
make -C sys_mb_microblaze_0/libsrc/spi_v4_4/src -s include  "SHELL=/bin/sh" "COMPILER=mb-gcc" "ARCHIVER=mb-ar" "COMPILER_FLAGS=  -O2 -c -mcpu=v11.0 -mhard-float -mlittle-endian -mno-xl-soft-div -mno-xl-soft-mul -mxl-barrel-shift -mxl-pattern-compare" "EXTRA_COMPILER_FLAGS=-ffunction-sections -fdata-sections -Wall -Wextra"
Running Make include in sys_mb_microblaze_0/libsrc/iic_v3_5/src
make -C sys_mb_microblaze_0/libsrc/iic_v3_5/src -s include  "SHELL=/bin/sh" "COMPILER=mb-gcc" "ARCHIVER=mb-ar" "COMPILER_FLAGS=  -O2 -c -mcpu=v11.0 -mhard-float -mlittle-endian -mno-xl-soft-div -mno-xl-soft-mul -mxl-barrel-shift -mxl-pattern-compare" "EXTRA_COMPILER_FLAGS=-ffunction-sections -fdata-sections -Wall -Wextra"
Running Make include in sys_mb_microblaze_0/libsrc/uartlite_v3_2/src
make -C sys_mb_microblaze_0/libsrc/uartlite_v3_2/src -s include  "SHELL=/bin/sh" "COMPILER=mb-gcc" "ARCHIVER=mb-ar" "COMPILER_FLAGS=  -O2 -c -mcpu=v11.0 -mhard-float -mlittle-endian -mno-xl-soft-div -mno-xl-soft-mul -mxl-barrel-shift -mxl-pattern-compare" "EXTRA_COMPILER_FLAGS=-ffunction-sections -fdata-sections -Wall -Wextra"
Running Make include in sys_mb_microblaze_0/libsrc/bram_v4_3/src
make -C sys_mb_microblaze_0/libsrc/bram_v4_3/src -s include  "SHELL=/bin/sh" "COMPILER=mb-gcc" "ARCHIVER=mb-ar" "COMPILER_FLAGS=  -O2 -c -mcpu=v11.0 -mhard-float -mlittle-endian -mno-xl-soft-div -mno-xl-soft-mul -mxl-barrel-shift -mxl-pattern-compare" "EXTRA_COMPILER_FLAGS=-ffunction-sections -fdata-sections -Wall -Wextra"
Running Make include in sys_mb_microblaze_0/libsrc/cpu_v2_9/src
make -C sys_mb_microblaze_0/libsrc/cpu_v2_9/src -s include  "SHELL=/bin/sh" "COMPILER=mb-gcc" "ARCHIVER=mb-ar" "COMPILER_FLAGS=  -O2 -c -mcpu=v11.0 -mhard-float -mlittle-endian -mno-xl-soft-div -mno-xl-soft-mul -mxl-barrel-shift -mxl-pattern-compare" "EXTRA_COMPILER_FLAGS=-ffunction-sections -fdata-sections -Wall -Wextra"
Running Make include in sys_mb_microblaze_0/libsrc/gpio_v4_4/src
make -C sys_mb_microblaze_0/libsrc/gpio_v4_4/src -s include  "SHELL=/bin/sh" "COMPILER=mb-gcc" "ARCHIVER=mb-ar" "COMPILER_FLAGS=  -O2 -c -mcpu=v11.0 -mhard-float -mlittle-endian -mno-xl-soft-div -mno-xl-soft-mul -mxl-barrel-shift -mxl-pattern-compare" "EXTRA_COMPILER_FLAGS=-ffunction-sections -fdata-sections -Wall -Wextra"
Running Make include in sys_mb_microblaze_0/libsrc/intc_v3_9/src
make -C sys_mb_microblaze_0/libsrc/intc_v3_9/src -s include  "SHELL=/bin/sh" "COMPILER=mb-gcc" "ARCHIVER=mb-ar" "COMPILER_FLAGS=  -O2 -c -mcpu=v11.0 -mhard-float -mlittle-endian -mno-xl-soft-div -mno-xl-soft-mul -mxl-barrel-shift -mxl-pattern-compare" "EXTRA_COMPILER_FLAGS=-ffunction-sections -fdata-sections -Wall -Wextra"
Running Make include in sys_mb_microblaze_0/libsrc/xilisf_v5_13/src
make -C sys_mb_microblaze_0/libsrc/xilisf_v5_13/src -s include  "SHELL=/bin/sh" "COMPILER=mb-gcc" "ARCHIVER=mb-ar" "COMPILER_FLAGS=  -O2 -c -mcpu=v11.0 -mhard-float -mlittle-endian -mno-xl-soft-div -mno-xl-soft-mul -mxl-barrel-shift -mxl-pattern-compare" "EXTRA_COMPILER_FLAGS=-ffunction-sections -fdata-sections -Wall -Wextra"
Running Make libs in sys_mb_microblaze_0/libsrc/tmrctr_v4_5/src
make -C sys_mb_microblaze_0/libsrc/tmrctr_v4_5/src -s libs  "SHELL=/bin/sh" "COMPILER=mb-gcc" "ARCHIVER=mb-ar" "COMPILER_FLAGS=  -O2 -c -mcpu=v11.0 -mhard-float -mlittle-endian -mno-xl-soft-div -mno-xl-soft-mul -mxl-barrel-shift -mxl-pattern-compare" "EXTRA_COMPILER_FLAGS=-ffunction-sections -fdata-sections -Wall -Wextra"
Compiling tmrctr
mb-ar: creating ../../../lib/libxil.a
Running Make libs in sys_mb_microblaze_0/libsrc/standalone_v7_0/src
make -C sys_mb_microblaze_0/libsrc/standalone_v7_0/src -s libs  "SHELL=/bin/sh" "COMPILER=mb-gcc" "ARCHIVER=mb-ar" "COMPILER_FLAGS=  -O2 -c -mcpu=v11.0 -mhard-float -mlittle-endian -mno-xl-soft-div -mno-xl-soft-mul -mxl-barrel-shift -mxl-pattern-compare" "EXTRA_COMPILER_FLAGS=-ffunction-sections -fdata-sections -Wall -Wextra"
Compiling standalone
microblaze_sleep.c:77:9: note: #pragma message: For the sleep routines, assembly instructions are used
 #pragma message ("For the sleep routines, assembly instructions are used")
         ^~~~~~~
Running Make libs in sys_mb_microblaze_0/libsrc/spi_v4_4/src
make -C sys_mb_microblaze_0/libsrc/spi_v4_4/src -s libs  "SHELL=/bin/sh" "COMPILER=mb-gcc" "ARCHIVER=mb-ar" "COMPILER_FLAGS=  -O2 -c -mcpu=v11.0 -mhard-float -mlittle-endian -mno-xl-soft-div -mno-xl-soft-mul -mxl-barrel-shift -mxl-pattern-compare" "EXTRA_COMPILER_FLAGS=-ffunction-sections -fdata-sections -Wall -Wextra"
Compiling spi
Running Make libs in sys_mb_microblaze_0/libsrc/iic_v3_5/src
make -C sys_mb_microblaze_0/libsrc/iic_v3_5/src -s libs  "SHELL=/bin/sh" "COMPILER=mb-gcc" "ARCHIVER=mb-ar" "COMPILER_FLAGS=  -O2 -c -mcpu=v11.0 -mhard-float -mlittle-endian -mno-xl-soft-div -mno-xl-soft-mul -mxl-barrel-shift -mxl-pattern-compare" "EXTRA_COMPILER_FLAGS=-ffunction-sections -fdata-sections -Wall -Wextra"
Compiling iic
Running Make libs in sys_mb_microblaze_0/libsrc/uartlite_v3_2/src
make -C sys_mb_microblaze_0/libsrc/uartlite_v3_2/src -s libs  "SHELL=/bin/sh" "COMPILER=mb-gcc" "ARCHIVER=mb-ar" "COMPILER_FLAGS=  -O2 -c -mcpu=v11.0 -mhard-float -mlittle-endian -mno-xl-soft-div -mno-xl-soft-mul -mxl-barrel-shift -mxl-pattern-compare" "EXTRA_COMPILER_FLAGS=-ffunction-sections -fdata-sections -Wall -Wextra"
Compiling uartlite
Running Make libs in sys_mb_microblaze_0/libsrc/bram_v4_3/src
make -C sys_mb_microblaze_0/libsrc/bram_v4_3/src -s libs  "SHELL=/bin/sh" "COMPILER=mb-gcc" "ARCHIVER=mb-ar" "COMPILER_FLAGS=  -O2 -c -mcpu=v11.0 -mhard-float -mlittle-endian -mno-xl-soft-div -mno-xl-soft-mul -mxl-barrel-shift -mxl-pattern-compare" "EXTRA_COMPILER_FLAGS=-ffunction-sections -fdata-sections -Wall -Wextra"
Compiling bram
Running Make libs in sys_mb_microblaze_0/libsrc/cpu_v2_9/src
make -C sys_mb_microblaze_0/libsrc/cpu_v2_9/src -s libs  "SHELL=/bin/sh" "COMPILER=mb-gcc" "ARCHIVER=mb-ar" "COMPILER_FLAGS=  -O2 -c -mcpu=v11.0 -mhard-float -mlittle-endian -mno-xl-soft-div -mno-xl-soft-mul -mxl-barrel-shift -mxl-pattern-compare" "EXTRA_COMPILER_FLAGS=-ffunction-sections -fdata-sections -Wall -Wextra"
Compiling cpu
Running Make libs in sys_mb_microblaze_0/libsrc/gpio_v4_4/src
make -C sys_mb_microblaze_0/libsrc/gpio_v4_4/src -s libs  "SHELL=/bin/sh" "COMPILER=mb-gcc" "ARCHIVER=mb-ar" "COMPILER_FLAGS=  -O2 -c -mcpu=v11.0 -mhard-float -mlittle-endian -mno-xl-soft-div -mno-xl-soft-mul -mxl-barrel-shift -mxl-pattern-compare" "EXTRA_COMPILER_FLAGS=-ffunction-sections -fdata-sections -Wall -Wextra"
Compiling gpio
Running Make libs in sys_mb_microblaze_0/libsrc/intc_v3_9/src
make -C sys_mb_microblaze_0/libsrc/intc_v3_9/src -s libs  "SHELL=/bin/sh" "COMPILER=mb-gcc" "ARCHIVER=mb-ar" "COMPILER_FLAGS=  -O2 -c -mcpu=v11.0 -mhard-float -mlittle-endian -mno-xl-soft-div -mno-xl-soft-mul -mxl-barrel-shift -mxl-pattern-compare" "EXTRA_COMPILER_FLAGS=-ffunction-sections -fdata-sections -Wall -Wextra"
Compiling intc
Running Make libs in sys_mb_microblaze_0/libsrc/xilisf_v5_13/src
make -C sys_mb_microblaze_0/libsrc/xilisf_v5_13/src -s libs  "SHELL=/bin/sh" "COMPILER=mb-gcc" "ARCHIVER=mb-ar" "COMPILER_FLAGS=  -O2 -c -mcpu=v11.0 -mhard-float -mlittle-endian -mno-xl-soft-div -mno-xl-soft-mul -mxl-barrel-shift -mxl-pattern-compare" "EXTRA_COMPILER_FLAGS=-ffunction-sections -fdata-sections -Wall -Wextra"
Compiling XilIsf Library
xilisf.c: In function 'XIsf_WriteEnable':
xilisf.c:1329:6: warning: unused variable 'NULLPtr' [-Wunused-variable]
  u8 *NULLPtr = NULL;
      ^~~~~~~
xilisf.c:1328:5: warning: unused variable 'WriteEnableBuf' [-Wunused-variable]
  u8 WriteEnableBuf[1] = {0};
     ^~~~~~~~~~~~~~
xilisf.c:1327:5: warning: unused variable 'Mode' [-Wunused-variable]
  u8 Mode;
     ^~~~
xilisf.c:1324:28: warning: unused parameter 'InstancePtr' [-Wunused-parameter]
 int XIsf_WriteEnable(XIsf *InstancePtr, u8 WriteEnable)
                      ~~~~~~^~~~~~~~~~~
xilisf.c:1324:44: warning: unused parameter 'WriteEnable' [-Wunused-parameter]
 int XIsf_WriteEnable(XIsf *InstancePtr, u8 WriteEnable)
                                         ~~~^~~~~~~~~~~
xilisf.c: In function 'XIsf_Ioctl':
xilisf.c:1446:6: warning: unused variable 'NULLPtr' [-Wunused-variable]
  u8 *NULLPtr = NULL;
      ^~~~~~~
xilisf.c:1445:5: warning: unused variable 'Mode' [-Wunused-variable]
  u8 Mode;
     ^~~~
xilisf.c:1442:22: warning: unused parameter 'InstancePtr' [-Wunused-parameter]
 int XIsf_Ioctl(XIsf *InstancePtr, XIsf_IoctlOperation Operation)
                ~~~~~~^~~~~~~~~~~
xilisf.c:1442:55: warning: unused parameter 'Operation' [-Wunused-parameter]
 int XIsf_Ioctl(XIsf *InstancePtr, XIsf_IoctlOperation Operation)
                                   ~~~~~~~~~~~~~~~~~~~~^~~~~~~~~
xilisf.c: In function 'XIsf_RegisterInterface':
xilisf.c:1676:37: warning: assignment to 's32 (*)(XIsf_Iface *, u32)' {aka 'long int (*)(struct <anonymous> *, long unsigned int)'} from incompatible pointer type 'int (*)(XSpi *, u32)' {aka 'int (*)(struct <anonymous> *, long unsigned int)'} [-Wincompatible-pointer-types]
  InstancePtr->XIsf_Iface_SetOptions = XSpi_SetOptions;
                                     ^
xilisf.c:1677:41: warning: assignment to 's32 (*)(XIsf_Iface *, u8)' {aka 'long int (*)(struct <anonymous> *, unsigned char)'} from incompatible pointer type 'int (*)(XSpi *, u32)' {aka 'int (*)(struct <anonymous> *, long unsigned int)'} [-Wincompatible-pointer-types]
  InstancePtr->XIsf_Iface_SetSlaveSelect = XSpi_SetSlaveSelect;
                                         ^
xilisf.c:1678:35: warning: assignment to 's32 (*)(XIsf_Iface *, u8 *, u8 *, u32)' {aka 'long int (*)(struct <anonymous> *, unsigned char *, unsigned char *, long unsigned int)'} from incompatible pointer type 'int (*)(XSpi *, u8 *, u8 *, unsigned int)' {aka 'int (*)(struct <anonymous> *, unsigned char *, unsigned char *, unsigned int)'} [-Wincompatible-pointer-types]
  InstancePtr->XIsf_Iface_Transfer = XSpi_Transfer;
                                   ^
xilisf.c: In function 'GetRealAddr':
xilisf.c:2836:6: warning: unused variable 'LqspiCr' [-Wunused-variable]
  u32 LqspiCr;
      ^~~~~~~
xilisf.c:2832:29: warning: unused parameter 'QspiPtr' [-Wunused-parameter]
 u32 GetRealAddr(XIsf_Iface *QspiPtr, u32 Address)
                 ~~~~~~~~~~~~^~~~~~~
At top level:
xilisf.c:797:12: warning: 'XIsf_FCTIndex' defined but not used [-Wunused-variable]
 static u32 XIsf_FCTIndex;
            ^~~~~~~~~~~~~
xilisf_write.c: In function 'WriteData':
xilisf_write.c:513:5: warning: unused variable 'ReadFlagSRCmd' [-Wunused-variable]
  u8 ReadFlagSRCmd[] = {READ_FLAG_STATUS_CMD, 0};
     ^~~~~~~~~~~~~
xilisf_write.c:512:5: warning: unused variable 'ReadStatusCmdBuf' [-Wunused-variable]
  u8 ReadStatusCmdBuf[] = { READ_STATUS_CMD, 0 };
     ^~~~~~~~~~~~~~~~
xilisf_write.c:497:5: warning: unused variable 'FlashStatus' [-Wunused-variable]
  u8 FlashStatus[2] __attribute__ ((aligned(4))) = {0};
     ^~~~~~~~~~~
xilisf_write.c:491:5: warning: unused variable 'FlagStatus' [-Wunused-variable]
  u8 FlagStatus[2] = {0};
     ^~~~~~~~~~
xilisf_write.c:479:6: warning: unused variable 'BankSel' [-Wunused-variable]
  u32 BankSel;
      ^~~~~~~
xilisf_write.c:477:5: warning: unused variable 'Mode' [-Wunused-variable]
  u8 Mode;
     ^~~~
xilisf_write.c: In function 'WriteSR':
xilisf_write.c:1221:26: warning: unused parameter 'InstancePtr' [-Wunused-parameter]
 static int WriteSR(XIsf *InstancePtr, u8 SRData)
                    ~~~~~~^~~~~~~~~~~
xilisf_write.c:1221:42: warning: unused parameter 'SRData' [-Wunused-parameter]
 static int WriteSR(XIsf *InstancePtr, u8 SRData)
                                       ~~~^~~~~~
xilisf_erase.c: In function 'SubSectorErase':
xilisf_erase.c:351:5: warning: unused variable 'FlashStatus' [-Wunused-variable]
  u8 FlashStatus[2] = {0};
     ^~~~~~~~~~~
xilisf_erase.c:349:5: warning: unused variable 'ReadFlagSRCmd' [-Wunused-variable]
  u8 ReadFlagSRCmd[] = {READ_FLAG_STATUS_CMD, 0};
     ^~~~~~~~~~~~~
xilisf_erase.c:348:5: warning: unused variable 'ReadStatusCmdBuf' [-Wunused-variable]
  u8 ReadStatusCmdBuf[] = { READ_STATUS_CMD, 0 };
     ^~~~~~~~~~~~~~~~
xilisf_erase.c:347:5: warning: unused variable 'FlagStatus' [-Wunused-variable]
  u8 FlagStatus[2] = {0};
     ^~~~~~~~~~
xilisf_erase.c:345:6: warning: unused variable 'NULLPtr' [-Wunused-variable]
  u8 *NULLPtr = NULL;
      ^~~~~~~
xilisf_erase.c:344:6: warning: unused variable 'RealAddr' [-Wunused-variable]
  u32 RealAddr;
      ^~~~~~~~
xilisf_erase.c:337:33: warning: unused parameter 'InstancePtr' [-Wunused-parameter]
 static int SubSectorErase(XIsf *InstancePtr, u32 Address)
                           ~~~~~~^~~~~~~~~~~
xilisf_erase.c:337:50: warning: unused parameter 'Address' [-Wunused-parameter]
 static int SubSectorErase(XIsf *InstancePtr, u32 Address)
                                              ~~~~^~~~~~~
xilisf_erase.c: In function 'SectorErase':
xilisf_erase.c:614:14: warning: unused variable 'ReadStatusCmd' [-Wunused-variable]
  u8 FSRFlag, ReadStatusCmd;
              ^~~~~~~~~~~~~
xilisf_erase.c:614:5: warning: unused variable 'FSRFlag' [-Wunused-variable]
  u8 FSRFlag, ReadStatusCmd;
     ^~~~~~~
xilisf_erase.c:609:5: warning: unused variable 'FlashStatus' [-Wunused-variable]
  u8 FlashStatus[2] __attribute__ ((aligned(4))) = {0};
     ^~~~~~~~~~~
xilisf_erase.c:606:5: warning: unused variable 'ReadFlagSRCmd' [-Wunused-variable]
  u8 ReadFlagSRCmd[] = {READ_FLAG_STATUS_CMD, 0};
     ^~~~~~~~~~~~~
xilisf_erase.c:605:5: warning: unused variable 'ReadStatusCmdBuf' [-Wunused-variable]
  u8 ReadStatusCmdBuf[] = { READ_STATUS_CMD, 0 };
     ^~~~~~~~~~~~~~~~
xilisf_erase.c:604:5: warning: unused variable 'FlagStatus' [-Wunused-variable]
  u8 FlagStatus[2] = {0};
     ^~~~~~~~~~
xilisf_erase.c: In function 'BulkErase':
xilisf_erase.c:898:6: warning: unused variable 'NULLPtr' [-Wunused-variable]
  u8 *NULLPtr = NULL;
      ^~~~~~~
xilisf_erase.c:895:28: warning: unused parameter 'InstancePtr' [-Wunused-parameter]
 static int BulkErase(XIsf *InstancePtr)
                      ~~~~~~^~~~~~~~~~~
xilisf_spr.c: In function 'SprRead':
xilisf_spr.c:206:24: warning: comparison of integer expressions of different signedness: 'u32' {aka 'long unsigned int'} and 'int' [-Wsign-compare]
  for (Index = 1; Index < (InstancePtr->NumOfSectors +
                        ^
xilisf_spr.c: In function 'SprProgram':
xilisf_spr.c:265:24: warning: comparison of integer expressions of different signedness: 'u32' {aka 'long unsigned int'} and 'int' [-Wsign-compare]
  for (Index = 4; Index < (InstancePtr->NumOfSectors +
                        ^
Finished building libraries

09:45:12 Build Finished (took 3s.130ms)

