22:45:57 INFO  : Registering command handlers for SDK TCF services
22:45:59 INFO  : Launching XSCT server: xsct -n -interactive /media/2TB/workspace/rsarwar/work/TE1001_160/refdesign/test_board/workspace/sdk/temp_xsdb_launch_script.tcl
22:46:01 INFO  : XSCT server has started successfully.
22:46:01 INFO  : Successfully done setting XSCT server connection channel  
22:46:01 INFO  : Successfully done setting SDK workspace  
22:46:01 INFO  : Processing command line option -lp /media/2TB/workspace/rsarwar/work/TE1001_160/refdesign/test_board/sw_lib.
22:46:01 INFO  : Adding '/media/2TB/workspace/rsarwar/work/TE1001_160/refdesign/test_board/sw_lib' as a new local repository.
22:46:35 INFO  : Project 'system_top_hw_platform_0' created. You can now create BSPs and application projects targeting this hardware platform.
22:52:11 INFO  : 'targets -set -filter {jtag_cable_name =~ "Digilent JTAG-HS3 210299A17B27" && level==0} -index 0' command is executed.
22:52:11 INFO  : 'fpga -state' command is executed.
22:52:11 INFO  : Connected to target on host '10.211.3.140' and port '3121'.
22:52:11 INFO  : Jtag cable 'Digilent JTAG-HS3 210299A17B27' is selected.
22:52:11 INFO  : 'jtag frequency' command is executed.
22:52:11 INFO  : 'configparams mdm-detect-bscan-mask 2' command is executed.
22:52:11 INFO  : Context for processor 'sys_mb_microblaze_0' is selected.
22:52:11 INFO  : Processor reset is completed for 'sys_mb_microblaze_0'.
22:52:11 INFO  : Context for processor 'sys_mb_microblaze_0' is selected.
22:52:12 INFO  : The application '/media/2TB/workspace/rsarwar/work/TE1001_160/refdesign/test_board/workspace/sdk/fmcjesd/Debug/fmcjesd.elf' is downloaded to processor 'sys_mb_microblaze_0'.
22:52:12 INFO  : ----------------XSDB Script----------------
connect -url tcp:10.211.3.140:3121
configparams mdm-detect-bscan-mask 2
targets -set -nocase -filter {name =~ "microblaze*#0" && bscan=="USER2"  && jtag_cable_name =~ "Digilent JTAG-HS3 210299A17B27"} -index 0
rst -processor
targets -set -nocase -filter {name =~ "microblaze*#0" && bscan=="USER2"  && jtag_cable_name =~ "Digilent JTAG-HS3 210299A17B27"} -index 0
dow /media/2TB/workspace/rsarwar/work/TE1001_160/refdesign/test_board/workspace/sdk/fmcjesd/Debug/fmcjesd.elf
----------------End of Script----------------

23:01:41 INFO  : Disconnected from the channel tcfchan#2.
23:05:31 INFO  : 'targets -set -filter {jtag_cable_name =~ "Digilent JTAG-HS3 210299A17B27" && level==0} -index 0' command is executed.
23:05:31 INFO  : 'fpga -state' command is executed.
23:05:31 INFO  : Connected to target on host '10.211.3.140' and port '3121'.
23:05:31 INFO  : Jtag cable 'Digilent JTAG-HS3 210299A17B27' is selected.
23:05:31 INFO  : 'jtag frequency' command is executed.
23:05:31 INFO  : 'configparams mdm-detect-bscan-mask 2' command is executed.
23:05:31 INFO  : Context for processor 'sys_mb_microblaze_0' is selected.
23:05:31 INFO  : Processor reset is completed for 'sys_mb_microblaze_0'.
23:05:31 INFO  : Context for processor 'sys_mb_microblaze_0' is selected.
23:05:31 INFO  : The application '/media/2TB/workspace/rsarwar/work/TE1001_160/refdesign/test_board/workspace/sdk/fmcjesd/Debug/fmcjesd.elf' is downloaded to processor 'sys_mb_microblaze_0'.
23:05:31 INFO  : ----------------XSDB Script----------------
connect -url tcp:10.211.3.140:3121
configparams mdm-detect-bscan-mask 2
targets -set -nocase -filter {name =~ "microblaze*#0" && bscan=="USER2"  && jtag_cable_name =~ "Digilent JTAG-HS3 210299A17B27"} -index 0
rst -processor
targets -set -nocase -filter {name =~ "microblaze*#0" && bscan=="USER2"  && jtag_cable_name =~ "Digilent JTAG-HS3 210299A17B27"} -index 0
dow /media/2TB/workspace/rsarwar/work/TE1001_160/refdesign/test_board/workspace/sdk/fmcjesd/Debug/fmcjesd.elf
----------------End of Script----------------

23:05:31 INFO  : Context for processor 'sys_mb_microblaze_0' is selected.
23:05:31 INFO  : 'con' command is executed.
23:05:31 INFO  : ----------------XSDB Script (After Launch)----------------
targets -set -nocase -filter {name =~ "microblaze*#0" && bscan=="USER2"  && jtag_cable_name =~ "Digilent JTAG-HS3 210299A17B27"} -index 0
con
----------------End of Script----------------

23:05:31 INFO  : Disconnected from the channel tcfchan#3.
23:05:49 INFO  : 'targets -set -filter {jtag_cable_name =~ "Digilent JTAG-HS3 210299A17B27" && level==0} -index 0' command is executed.
23:05:49 INFO  : 'fpga -state' command is executed.
23:05:49 INFO  : Connected to target on host '10.211.3.140' and port '3121'.
23:05:49 INFO  : Jtag cable 'Digilent JTAG-HS3 210299A17B27' is selected.
23:05:49 INFO  : 'jtag frequency' command is executed.
23:05:49 INFO  : 'configparams mdm-detect-bscan-mask 2' command is executed.
23:05:49 INFO  : Context for processor 'sys_mb_microblaze_0' is selected.
23:05:49 INFO  : Processor reset is completed for 'sys_mb_microblaze_0'.
23:05:49 INFO  : Context for processor 'sys_mb_microblaze_0' is selected.
23:05:50 INFO  : The application '/media/2TB/workspace/rsarwar/work/TE1001_160/refdesign/test_board/workspace/sdk/fmcjesd/Debug/fmcjesd.elf' is downloaded to processor 'sys_mb_microblaze_0'.
23:05:50 INFO  : ----------------XSDB Script----------------
connect -url tcp:10.211.3.140:3121
configparams mdm-detect-bscan-mask 2
targets -set -nocase -filter {name =~ "microblaze*#0" && bscan=="USER2"  && jtag_cable_name =~ "Digilent JTAG-HS3 210299A17B27"} -index 0
rst -processor
targets -set -nocase -filter {name =~ "microblaze*#0" && bscan=="USER2"  && jtag_cable_name =~ "Digilent JTAG-HS3 210299A17B27"} -index 0
dow /media/2TB/workspace/rsarwar/work/TE1001_160/refdesign/test_board/workspace/sdk/fmcjesd/Debug/fmcjesd.elf
----------------End of Script----------------

23:12:01 INFO  : Disconnected from the channel tcfchan#4.
23:12:18 INFO  : 'targets -set -filter {jtag_cable_name =~ "Digilent JTAG-HS3 210299A17B27" && level==0} -index 0' command is executed.
23:12:18 INFO  : 'fpga -state' command is executed.
23:12:18 INFO  : Connected to target on host '10.211.3.140' and port '3121'.
23:12:18 INFO  : Jtag cable 'Digilent JTAG-HS3 210299A17B27' is selected.
23:12:18 INFO  : 'jtag frequency' command is executed.
23:12:18 INFO  : 'configparams mdm-detect-bscan-mask 2' command is executed.
23:12:18 INFO  : Context for processor 'sys_mb_microblaze_0' is selected.
23:12:18 INFO  : Processor reset is completed for 'sys_mb_microblaze_0'.
23:12:18 INFO  : Context for processor 'sys_mb_microblaze_0' is selected.
23:12:18 INFO  : The application '/media/2TB/workspace/rsarwar/work/TE1001_160/refdesign/test_board/workspace/sdk/fmcjesd/Debug/fmcjesd.elf' is downloaded to processor 'sys_mb_microblaze_0'.
23:12:18 INFO  : ----------------XSDB Script----------------
connect -url tcp:10.211.3.140:3121
configparams mdm-detect-bscan-mask 2
targets -set -nocase -filter {name =~ "microblaze*#0" && bscan=="USER2"  && jtag_cable_name =~ "Digilent JTAG-HS3 210299A17B27"} -index 0
rst -processor
targets -set -nocase -filter {name =~ "microblaze*#0" && bscan=="USER2"  && jtag_cable_name =~ "Digilent JTAG-HS3 210299A17B27"} -index 0
dow /media/2TB/workspace/rsarwar/work/TE1001_160/refdesign/test_board/workspace/sdk/fmcjesd/Debug/fmcjesd.elf
----------------End of Script----------------

23:12:48 INFO  : Disconnected from the channel tcfchan#5.
23:13:41 INFO  : 'targets -set -filter {jtag_cable_name =~ "Digilent JTAG-HS3 210299A17B27" && level==0} -index 0' command is executed.
23:13:41 INFO  : 'fpga -state' command is executed.
23:13:41 INFO  : Connected to target on host '10.211.3.140' and port '3121'.
23:13:41 INFO  : Jtag cable 'Digilent JTAG-HS3 210299A17B27' is selected.
23:13:41 INFO  : 'jtag frequency' command is executed.
23:13:41 INFO  : 'configparams mdm-detect-bscan-mask 2' command is executed.
23:13:41 INFO  : Context for processor 'sys_mb_microblaze_0' is selected.
23:13:41 INFO  : Processor reset is completed for 'sys_mb_microblaze_0'.
23:13:41 INFO  : Context for processor 'sys_mb_microblaze_0' is selected.
23:13:42 INFO  : The application '/media/2TB/workspace/rsarwar/work/TE1001_160/refdesign/test_board/workspace/sdk/fmcjesd/Debug/fmcjesd.elf' is downloaded to processor 'sys_mb_microblaze_0'.
23:13:42 INFO  : ----------------XSDB Script----------------
connect -url tcp:10.211.3.140:3121
configparams mdm-detect-bscan-mask 2
targets -set -nocase -filter {name =~ "microblaze*#0" && bscan=="USER2"  && jtag_cable_name =~ "Digilent JTAG-HS3 210299A17B27"} -index 0
rst -processor
targets -set -nocase -filter {name =~ "microblaze*#0" && bscan=="USER2"  && jtag_cable_name =~ "Digilent JTAG-HS3 210299A17B27"} -index 0
dow /media/2TB/workspace/rsarwar/work/TE1001_160/refdesign/test_board/workspace/sdk/fmcjesd/Debug/fmcjesd.elf
----------------End of Script----------------

23:21:35 INFO  : Registering command handlers for SDK TCF services
23:21:36 INFO  : Launching XSCT server: xsct -n -interactive /media/2TB/workspace/rsarwar/work/TE1001_160/refdesign/test_board/workspace/sdk/temp_xsdb_launch_script.tcl
23:21:38 INFO  : XSCT server has started successfully.
23:21:38 INFO  : Successfully done setting XSCT server connection channel  
23:21:38 INFO  : Successfully done setting SDK workspace  
23:21:38 INFO  : Restoring local repository preferences: 
		 /media/2TB/workspace/rsarwar/work/TE1001_160/refdesign/test_board/sw_lib
23:21:38 INFO  : Processing command line option -lp /media/2TB/workspace/rsarwar/work/TE1001_160/refdesign/test_board/sw_lib.
23:23:38 INFO  : Refreshed build settings on project fmcjesd
23:25:21 INFO  : 'targets -set -filter {jtag_cable_name =~ "Digilent JTAG-HS3 210299A17B27" && level==0} -index 0' command is executed.
23:25:21 INFO  : 'fpga -state' command is executed.
23:25:21 INFO  : Connected to target on host '10.211.3.140' and port '3121'.
23:25:22 INFO  : Jtag cable 'Digilent JTAG-HS3 210299A17B27' is selected.
23:25:22 INFO  : 'jtag frequency' command is executed.
23:25:22 INFO  : 'configparams mdm-detect-bscan-mask 2' command is executed.
23:25:22 INFO  : Context for processor 'sys_mb_microblaze_0' is selected.
23:25:22 INFO  : Processor reset is completed for 'sys_mb_microblaze_0'.
23:25:22 INFO  : Context for processor 'sys_mb_microblaze_0' is selected.
23:25:23 INFO  : The application '/media/2TB/workspace/rsarwar/work/TE1001_160/refdesign/test_board/workspace/sdk/fmcjesd/Debug/fmcjesd.elf' is downloaded to processor 'sys_mb_microblaze_0'.
23:25:23 INFO  : ----------------XSDB Script----------------
connect -url tcp:10.211.3.140:3121
configparams mdm-detect-bscan-mask 2
targets -set -nocase -filter {name =~ "microblaze*#0" && bscan=="USER2"  && jtag_cable_name =~ "Digilent JTAG-HS3 210299A17B27"} -index 0
rst -processor
targets -set -nocase -filter {name =~ "microblaze*#0" && bscan=="USER2"  && jtag_cable_name =~ "Digilent JTAG-HS3 210299A17B27"} -index 0
dow /media/2TB/workspace/rsarwar/work/TE1001_160/refdesign/test_board/workspace/sdk/fmcjesd/Debug/fmcjesd.elf
----------------End of Script----------------

23:25:23 INFO  : Context for processor 'sys_mb_microblaze_0' is selected.
23:25:23 INFO  : 'con' command is executed.
23:25:23 INFO  : ----------------XSDB Script (After Launch)----------------
targets -set -nocase -filter {name =~ "microblaze*#0" && bscan=="USER2"  && jtag_cable_name =~ "Digilent JTAG-HS3 210299A17B27"} -index 0
con
----------------End of Script----------------

23:25:23 INFO  : Disconnected from the channel tcfchan#1.
23:25:39 INFO  : 'targets -set -filter {jtag_cable_name =~ "Digilent JTAG-HS3 210299A17B27" && level==0} -index 0' command is executed.
23:25:39 INFO  : 'fpga -state' command is executed.
23:25:39 INFO  : Connected to target on host '10.211.3.140' and port '3121'.
23:25:39 INFO  : Jtag cable 'Digilent JTAG-HS3 210299A17B27' is selected.
23:25:39 INFO  : 'jtag frequency' command is executed.
23:25:39 INFO  : 'configparams mdm-detect-bscan-mask 2' command is executed.
23:25:39 INFO  : Context for processor 'sys_mb_microblaze_0' is selected.
23:25:39 INFO  : Processor reset is completed for 'sys_mb_microblaze_0'.
23:25:39 INFO  : Context for processor 'sys_mb_microblaze_0' is selected.
23:25:39 INFO  : The application '/media/2TB/workspace/rsarwar/work/TE1001_160/refdesign/test_board/workspace/sdk/fmcjesd/Debug/fmcjesd.elf' is downloaded to processor 'sys_mb_microblaze_0'.
23:25:39 INFO  : ----------------XSDB Script----------------
connect -url tcp:10.211.3.140:3121
configparams mdm-detect-bscan-mask 2
targets -set -nocase -filter {name =~ "microblaze*#0" && bscan=="USER2"  && jtag_cable_name =~ "Digilent JTAG-HS3 210299A17B27"} -index 0
rst -processor
targets -set -nocase -filter {name =~ "microblaze*#0" && bscan=="USER2"  && jtag_cable_name =~ "Digilent JTAG-HS3 210299A17B27"} -index 0
dow /media/2TB/workspace/rsarwar/work/TE1001_160/refdesign/test_board/workspace/sdk/fmcjesd/Debug/fmcjesd.elf
----------------End of Script----------------

23:27:01 INFO  : Disconnected from the channel tcfchan#2.
23:27:36 INFO  : 'targets -set -filter {jtag_cable_name =~ "Digilent JTAG-HS3 210299A17B27" && level==0} -index 0' command is executed.
23:27:36 INFO  : 'fpga -state' command is executed.
23:27:36 INFO  : Connected to target on host '10.211.3.140' and port '3121'.
23:27:36 INFO  : Jtag cable 'Digilent JTAG-HS3 210299A17B27' is selected.
23:27:36 INFO  : 'jtag frequency' command is executed.
23:27:36 INFO  : 'configparams mdm-detect-bscan-mask 2' command is executed.
23:27:36 INFO  : Context for processor 'sys_mb_microblaze_0' is selected.
23:27:36 INFO  : Processor reset is completed for 'sys_mb_microblaze_0'.
23:27:36 INFO  : Context for processor 'sys_mb_microblaze_0' is selected.
23:27:37 INFO  : The application '/media/2TB/workspace/rsarwar/work/TE1001_160/refdesign/test_board/workspace/sdk/fmcjesd/Debug/fmcjesd.elf' is downloaded to processor 'sys_mb_microblaze_0'.
23:27:37 INFO  : ----------------XSDB Script----------------
connect -url tcp:10.211.3.140:3121
configparams mdm-detect-bscan-mask 2
targets -set -nocase -filter {name =~ "microblaze*#0" && bscan=="USER2"  && jtag_cable_name =~ "Digilent JTAG-HS3 210299A17B27"} -index 0
rst -processor
targets -set -nocase -filter {name =~ "microblaze*#0" && bscan=="USER2"  && jtag_cable_name =~ "Digilent JTAG-HS3 210299A17B27"} -index 0
dow /media/2TB/workspace/rsarwar/work/TE1001_160/refdesign/test_board/workspace/sdk/fmcjesd/Debug/fmcjesd.elf
----------------End of Script----------------

23:28:42 INFO  : Disconnected from the channel tcfchan#3.
23:28:43 INFO  : 'targets -set -filter {jtag_cable_name =~ "Digilent JTAG-HS3 210299A17B27" && level==0} -index 0' command is executed.
23:28:43 INFO  : 'fpga -state' command is executed.
23:28:43 INFO  : Connected to target on host '10.211.3.140' and port '3121'.
23:28:43 INFO  : Jtag cable 'Digilent JTAG-HS3 210299A17B27' is selected.
23:28:43 INFO  : 'jtag frequency' command is executed.
23:28:43 INFO  : 'configparams mdm-detect-bscan-mask 2' command is executed.
23:28:43 INFO  : Context for processor 'sys_mb_microblaze_0' is selected.
23:28:43 INFO  : Processor reset is completed for 'sys_mb_microblaze_0'.
23:28:44 INFO  : Context for processor 'sys_mb_microblaze_0' is selected.
23:28:44 INFO  : The application '/media/2TB/workspace/rsarwar/work/TE1001_160/refdesign/test_board/workspace/sdk/fmcjesd/Debug/fmcjesd.elf' is downloaded to processor 'sys_mb_microblaze_0'.
23:28:44 INFO  : ----------------XSDB Script----------------
connect -url tcp:10.211.3.140:3121
configparams mdm-detect-bscan-mask 2
targets -set -nocase -filter {name =~ "microblaze*#0" && bscan=="USER2"  && jtag_cable_name =~ "Digilent JTAG-HS3 210299A17B27"} -index 0
rst -processor
targets -set -nocase -filter {name =~ "microblaze*#0" && bscan=="USER2"  && jtag_cable_name =~ "Digilent JTAG-HS3 210299A17B27"} -index 0
dow /media/2TB/workspace/rsarwar/work/TE1001_160/refdesign/test_board/workspace/sdk/fmcjesd/Debug/fmcjesd.elf
----------------End of Script----------------

23:30:12 INFO  : Disconnected from the channel tcfchan#4.
23:30:13 INFO  : 'targets -set -filter {jtag_cable_name =~ "Digilent JTAG-HS3 210299A17B27" && level==0} -index 0' command is executed.
23:30:13 INFO  : 'fpga -state' command is executed.
23:30:13 INFO  : Connected to target on host '10.211.3.140' and port '3121'.
23:30:13 INFO  : Jtag cable 'Digilent JTAG-HS3 210299A17B27' is selected.
23:30:13 INFO  : 'jtag frequency' command is executed.
23:30:13 INFO  : 'configparams mdm-detect-bscan-mask 2' command is executed.
23:30:13 INFO  : Context for processor 'sys_mb_microblaze_0' is selected.
23:30:13 INFO  : Processor reset is completed for 'sys_mb_microblaze_0'.
23:30:13 INFO  : Context for processor 'sys_mb_microblaze_0' is selected.
23:30:13 INFO  : The application '/media/2TB/workspace/rsarwar/work/TE1001_160/refdesign/test_board/workspace/sdk/fmcjesd/Debug/fmcjesd.elf' is downloaded to processor 'sys_mb_microblaze_0'.
23:30:13 INFO  : ----------------XSDB Script----------------
connect -url tcp:10.211.3.140:3121
configparams mdm-detect-bscan-mask 2
targets -set -nocase -filter {name =~ "microblaze*#0" && bscan=="USER2"  && jtag_cable_name =~ "Digilent JTAG-HS3 210299A17B27"} -index 0
rst -processor
targets -set -nocase -filter {name =~ "microblaze*#0" && bscan=="USER2"  && jtag_cable_name =~ "Digilent JTAG-HS3 210299A17B27"} -index 0
dow /media/2TB/workspace/rsarwar/work/TE1001_160/refdesign/test_board/workspace/sdk/fmcjesd/Debug/fmcjesd.elf
----------------End of Script----------------

23:30:55 INFO  : Disconnected from the channel tcfchan#5.
23:34:38 INFO  : 'targets -set -filter {jtag_cable_name =~ "Digilent JTAG-HS3 210299A17B27" && level==0} -index 0' command is executed.
23:34:38 INFO  : 'fpga -state' command is executed.
23:34:38 INFO  : Connected to target on host '10.211.3.140' and port '3121'.
23:34:38 INFO  : Jtag cable 'Digilent JTAG-HS3 210299A17B27' is selected.
23:34:38 INFO  : 'jtag frequency' command is executed.
23:34:38 INFO  : 'configparams mdm-detect-bscan-mask 2' command is executed.
23:34:38 INFO  : Context for processor 'sys_mb_microblaze_0' is selected.
23:34:38 INFO  : Processor reset is completed for 'sys_mb_microblaze_0'.
23:34:38 INFO  : Context for processor 'sys_mb_microblaze_0' is selected.
23:34:39 INFO  : The application '/media/2TB/workspace/rsarwar/work/TE1001_160/refdesign/test_board/workspace/sdk/fmcjesd/Debug/fmcjesd.elf' is downloaded to processor 'sys_mb_microblaze_0'.
23:34:39 INFO  : ----------------XSDB Script----------------
connect -url tcp:10.211.3.140:3121
configparams mdm-detect-bscan-mask 2
targets -set -nocase -filter {name =~ "microblaze*#0" && bscan=="USER2"  && jtag_cable_name =~ "Digilent JTAG-HS3 210299A17B27"} -index 0
rst -processor
targets -set -nocase -filter {name =~ "microblaze*#0" && bscan=="USER2"  && jtag_cable_name =~ "Digilent JTAG-HS3 210299A17B27"} -index 0
dow /media/2TB/workspace/rsarwar/work/TE1001_160/refdesign/test_board/workspace/sdk/fmcjesd/Debug/fmcjesd.elf
----------------End of Script----------------

00:26:53 INFO  : Registering command handlers for SDK TCF services
00:26:54 INFO  : Launching XSCT server: xsct -n -interactive /media/2TB/workspace/rsarwar/work/TE1001_160/refdesign/test_board/workspace/sdk/temp_xsdb_launch_script.tcl
00:26:56 INFO  : XSCT server has started successfully.
00:26:56 INFO  : Successfully done setting XSCT server connection channel  
00:26:56 INFO  : Successfully done setting SDK workspace  
00:26:56 INFO  : Restoring local repository preferences: 
		 /media/2TB/workspace/rsarwar/work/TE1001_160/refdesign/test_board/sw_lib
00:26:56 INFO  : Processing command line option -lp /media/2TB/workspace/rsarwar/work/TE1001_160/refdesign/test_board/sw_lib.
00:27:01 INFO  : SDK has detected change in the last modified timestamps for source hardware specification file Source:1564529177000,  Project:1564495310000
00:27:01 INFO  : Project system_top_hw_platform_0's source hardware specification located at /media/2TB/workspace/rsarwar/work/TE1001_160/refdesign/test_board/workspace/sdk/system_top.hdf is now different from the local copy.
		 The local copy will be replaced with the source specification and your workspace will be updated.
00:27:25 INFO  : Connected to target on host '10.211.3.140' and port '3121'.
00:27:25 INFO  : 'targets -set -filter {jtag_cable_name =~ "Digilent JTAG-HS3 210299A17B27" && level==0} -index 0' command is executed.
00:27:28 INFO  : FPGA configured successfully with bitstream "/media/2TB/workspace/rsarwar/work/TE1001_160/refdesign/test_board/workspace/sdk/system_top_hw_platform_0/download.bit"
00:27:28 INFO  : Copied contents of /media/2TB/workspace/rsarwar/work/TE1001_160/refdesign/test_board/workspace/sdk/system_top.hdf into /system_top_hw_platform_0/system.hdf.
00:27:30 INFO  : Synchronizing projects in the workspace with the hardware platform specification changes.
00:27:32 INFO  : 
00:27:33 INFO  : 
00:27:33 INFO  : Updating hardware inferred compiler options for fmcjesd.
00:27:34 INFO  : Updating hardware inferred compiler options for srec_spi_bootloader.
00:27:34 INFO  : Clearing existing target manager status.
00:28:41 INFO  : 'targets -set -filter {jtag_cable_name =~ "Digilent JTAG-HS3 210299A17B27" && level==0} -index 0' command is executed.
00:28:41 INFO  : 'fpga -state' command is executed.
00:28:41 INFO  : Connected to target on host '10.211.3.140' and port '3121'.
00:28:41 INFO  : Jtag cable 'Digilent JTAG-HS3 210299A17B27' is selected.
00:28:41 INFO  : 'jtag frequency' command is executed.
00:28:41 INFO  : 'configparams mdm-detect-bscan-mask 2' command is executed.
00:28:41 INFO  : Context for processor 'sys_mb_microblaze_0' is selected.
00:28:41 INFO  : Processor reset is completed for 'sys_mb_microblaze_0'.
00:28:41 INFO  : Context for processor 'sys_mb_microblaze_0' is selected.
00:28:41 INFO  : The application '/media/2TB/workspace/rsarwar/work/TE1001_160/refdesign/test_board/workspace/sdk/fmcjesd/Debug/fmcjesd.elf' is downloaded to processor 'sys_mb_microblaze_0'.
00:28:41 INFO  : ----------------XSDB Script----------------
connect -url tcp:10.211.3.140:3121
configparams mdm-detect-bscan-mask 2
targets -set -nocase -filter {name =~ "microblaze*#0" && bscan=="USER2"  && jtag_cable_name =~ "Digilent JTAG-HS3 210299A17B27"} -index 0
rst -processor
targets -set -nocase -filter {name =~ "microblaze*#0" && bscan=="USER2"  && jtag_cable_name =~ "Digilent JTAG-HS3 210299A17B27"} -index 0
dow /media/2TB/workspace/rsarwar/work/TE1001_160/refdesign/test_board/workspace/sdk/fmcjesd/Debug/fmcjesd.elf
----------------End of Script----------------

15:53:20 INFO  : Registering command handlers for SDK TCF services
15:53:21 INFO  : Launching XSCT server: xsct -n -interactive /media/2TB/workspace/rsarwar/work/TE1001_160/refdesign/test_board/workspace/sdk/temp_xsdb_launch_script.tcl
15:53:23 INFO  : XSCT server has started successfully.
15:53:23 INFO  : Successfully done setting XSCT server connection channel  
15:53:23 INFO  : Successfully done setting SDK workspace  
15:53:23 INFO  : Restoring local repository preferences: 
		 /media/2TB/workspace/rsarwar/work/TE1001_160/refdesign/test_board/sw_lib
15:53:24 INFO  : Processing command line option -lp /media/2TB/workspace/rsarwar/work/TE1001_160/refdesign/test_board/sw_lib.
15:54:01 INFO  : Connected to target on host '10.211.3.140' and port '3121'.
15:54:01 INFO  : 'targets -set -filter {jtag_cable_name =~ "Digilent JTAG-HS3 210299A17B27" && level==0} -index 0' command is executed.
15:55:04 INFO  : FPGA configured successfully with bitstream "/media/2TB/workspace/rsarwar/work/TE1001_160/refdesign/test_board/workspace/sdk/system_top_hw_platform_0/download.bit"
15:56:35 INFO  : 'targets -set -filter {jtag_cable_name =~ "Digilent JTAG-HS3 210299A17B27" && level==0} -index 0' command is executed.
15:56:35 INFO  : 'fpga -state' command is executed.
15:56:35 INFO  : Connected to target on host '10.211.3.140' and port '3121'.
15:56:35 INFO  : Jtag cable 'Digilent JTAG-HS3 210299A17B27' is selected.
15:56:35 INFO  : 'jtag frequency' command is executed.
15:56:35 INFO  : 'configparams mdm-detect-bscan-mask 2' command is executed.
15:56:35 INFO  : Context for processor 'sys_mb_microblaze_0' is selected.
15:56:35 INFO  : Processor reset is completed for 'sys_mb_microblaze_0'.
15:56:35 INFO  : Context for processor 'sys_mb_microblaze_0' is selected.
15:56:35 INFO  : The application '/media/2TB/workspace/rsarwar/work/TE1001_160/refdesign/test_board/workspace/sdk/fmcjesd/Debug/fmcjesd.elf' is downloaded to processor 'sys_mb_microblaze_0'.
15:56:35 INFO  : ----------------XSDB Script----------------
connect -url tcp:10.211.3.140:3121
configparams mdm-detect-bscan-mask 2
targets -set -nocase -filter {name =~ "microblaze*#0" && bscan=="USER2"  && jtag_cable_name =~ "Digilent JTAG-HS3 210299A17B27"} -index 0
rst -processor
targets -set -nocase -filter {name =~ "microblaze*#0" && bscan=="USER2"  && jtag_cable_name =~ "Digilent JTAG-HS3 210299A17B27"} -index 0
dow /media/2TB/workspace/rsarwar/work/TE1001_160/refdesign/test_board/workspace/sdk/fmcjesd/Debug/fmcjesd.elf
----------------End of Script----------------

16:04:30 INFO  : Registering command handlers for SDK TCF services
16:04:32 INFO  : Launching XSCT server: xsct -n -interactive /media/2TB/workspace/rsarwar/work/TE1001_160/refdesign/test_board/workspace/sdk/temp_xsdb_launch_script.tcl
16:04:34 INFO  : XSCT server has started successfully.
16:04:34 INFO  : Successfully done setting XSCT server connection channel  
16:04:34 INFO  : Successfully done setting SDK workspace  
16:04:34 INFO  : Restoring local repository preferences: 
		 /media/2TB/workspace/rsarwar/work/TE1001_160/refdesign/test_board/sw_lib
16:04:34 INFO  : Processing command line option -lp /media/2TB/workspace/rsarwar/work/TE1001_160/refdesign/test_board/sw_lib.
16:06:20 INFO  : Inferring section assignments and sizes from elf file: /media/2TB/workspace/rsarwar/work/TE1001_160/refdesign/test_board/workspace/sdk/fmcjesd/Debug/fmcjesd.elf
16:07:06 INFO  : Successfully generated /media/2TB/workspace/rsarwar/work/TE1001_160/refdesign/test_board/workspace/sdk/fmcjesd/src/lscript.ld.
16:07:06 INFO  : Applying linker script to all configurations of project fmcjesd.
16:07:06 INFO  : Setting rebuild state to true for all configurations of project fmcjesd.
16:07:21 INFO  : Connected to target on host '10.211.3.140' and port '3121'.
16:07:21 INFO  : 'targets -set -filter {jtag_cable_name =~ "Digilent JTAG-HS3 210299A17B27" && level==0} -index 0' command is executed.
16:08:24 INFO  : FPGA configured successfully with bitstream "/media/2TB/workspace/rsarwar/work/TE1001_160/refdesign/test_board/workspace/sdk/system_top_hw_platform_0/download.bit"
16:08:38 INFO  : 'targets -set -filter {jtag_cable_name =~ "Digilent JTAG-HS3 210299A17B27" && level==0} -index 0' command is executed.
16:08:38 INFO  : 'fpga -state' command is executed.
16:08:38 INFO  : Connected to target on host '10.211.3.140' and port '3121'.
16:08:39 INFO  : Jtag cable 'Digilent JTAG-HS3 210299A17B27' is selected.
16:08:39 INFO  : 'jtag frequency' command is executed.
16:08:39 INFO  : 'configparams mdm-detect-bscan-mask 2' command is executed.
16:08:39 INFO  : Context for processor 'sys_mb_microblaze_0' is selected.
16:08:39 INFO  : Processor reset is completed for 'sys_mb_microblaze_0'.
16:08:39 INFO  : Context for processor 'sys_mb_microblaze_0' is selected.
16:08:39 INFO  : The application '/media/2TB/workspace/rsarwar/work/TE1001_160/refdesign/test_board/workspace/sdk/fmcjesd/Debug/fmcjesd.elf' is downloaded to processor 'sys_mb_microblaze_0'.
16:08:39 INFO  : ----------------XSDB Script----------------
connect -url tcp:10.211.3.140:3121
configparams mdm-detect-bscan-mask 2
targets -set -nocase -filter {name =~ "microblaze*#0" && bscan=="USER2"  && jtag_cable_name =~ "Digilent JTAG-HS3 210299A17B27"} -index 0
rst -processor
targets -set -nocase -filter {name =~ "microblaze*#0" && bscan=="USER2"  && jtag_cable_name =~ "Digilent JTAG-HS3 210299A17B27"} -index 0
dow /media/2TB/workspace/rsarwar/work/TE1001_160/refdesign/test_board/workspace/sdk/fmcjesd/Debug/fmcjesd.elf
----------------End of Script----------------

16:12:38 INFO  : Registering command handlers for SDK TCF services
16:12:39 INFO  : Launching XSCT server: xsct -n -interactive /media/2TB/workspace/rsarwar/work/TE1001_160/refdesign/test_board/workspace/sdk/temp_xsdb_launch_script.tcl
16:12:41 INFO  : XSCT server has started successfully.
16:12:42 INFO  : Successfully done setting XSCT server connection channel  
16:12:42 INFO  : Successfully done setting SDK workspace  
16:12:42 INFO  : Restoring local repository preferences: 
		 /media/2TB/workspace/rsarwar/work/TE1001_160/refdesign/test_board/sw_lib
16:12:42 INFO  : Processing command line option -lp /media/2TB/workspace/rsarwar/work/TE1001_160/refdesign/test_board/sw_lib.
16:12:53 INFO  : Inferring section assignments and sizes from elf file: /media/2TB/workspace/rsarwar/work/TE1001_160/refdesign/test_board/workspace/sdk/fmcjesd/Debug/fmcjesd.elf
16:12:59 INFO  : Successfully generated /media/2TB/workspace/rsarwar/work/TE1001_160/refdesign/test_board/workspace/sdk/fmcjesd/src/lscript.ld.
16:12:59 INFO  : Applying linker script to all configurations of project fmcjesd.
16:12:59 INFO  : Setting rebuild state to true for all configurations of project fmcjesd.
16:13:17 INFO  : Connected to target on host '10.211.3.140' and port '3121'.
16:13:17 INFO  : Jtag cable 'Digilent JTAG-HS3 210299A17B27' is selected.
16:13:17 INFO  : 'jtag frequency' command is executed.
16:13:17 INFO  : 'targets -set -filter {jtag_cable_name =~ "Digilent JTAG-HS3 210299A17B27" && level==0} -index 0' command is executed.
16:14:22 INFO  : FPGA configured successfully with bitstream "/media/2TB/workspace/rsarwar/work/TE1001_160/refdesign/test_board/workspace/sdk/system_top_hw_platform_0/system_top.bit"
16:14:22 INFO  : 'configparams mdm-detect-bscan-mask 2' command is executed.
16:14:22 INFO  : Context for processor 'sys_mb_microblaze_0' is selected.
16:14:22 INFO  : Processor reset is completed for 'sys_mb_microblaze_0'.
16:14:22 INFO  : Context for processor 'sys_mb_microblaze_0' is selected.
16:14:23 INFO  : The application '/media/2TB/workspace/rsarwar/work/TE1001_160/refdesign/test_board/workspace/sdk/fmcjesd/Debug/fmcjesd.elf' is downloaded to processor 'sys_mb_microblaze_0'.
16:14:23 INFO  : ----------------XSDB Script----------------
connect -url tcp:10.211.3.140:3121
targets -set -filter {jtag_cable_name =~ "Digilent JTAG-HS3 210299A17B27" && level==0} -index 0
fpga -file /media/2TB/workspace/rsarwar/work/TE1001_160/refdesign/test_board/workspace/sdk/system_top_hw_platform_0/system_top.bit
configparams mdm-detect-bscan-mask 2
targets -set -nocase -filter {name =~ "microblaze*#0" && bscan=="USER2"  && jtag_cable_name =~ "Digilent JTAG-HS3 210299A17B27"} -index 0
rst -processor
targets -set -nocase -filter {name =~ "microblaze*#0" && bscan=="USER2"  && jtag_cable_name =~ "Digilent JTAG-HS3 210299A17B27"} -index 0
dow /media/2TB/workspace/rsarwar/work/TE1001_160/refdesign/test_board/workspace/sdk/fmcjesd/Debug/fmcjesd.elf
----------------End of Script----------------

16:15:39 INFO  : Disconnected from the channel tcfchan#1.
16:37:15 INFO  : Registering command handlers for SDK TCF services
16:37:16 INFO  : Launching XSCT server: xsct -n -interactive /media/2TB/workspace/rsarwar/work/TE1001_160/refdesign/test_board/workspace/sdk/temp_xsdb_launch_script.tcl
16:37:18 INFO  : XSCT server has started successfully.
16:37:18 INFO  : Successfully done setting XSCT server connection channel  
16:37:18 INFO  : Successfully done setting SDK workspace  
16:37:18 INFO  : Restoring local repository preferences: 
		 /media/2TB/workspace/rsarwar/work/TE1001_160/refdesign/test_board/sw_lib
16:37:18 INFO  : Processing command line option -lp /media/2TB/workspace/rsarwar/work/TE1001_160/refdesign/test_board/sw_lib.
16:37:23 INFO  : SDK has detected change in the last modified timestamps for source hardware specification file Source:1568302493000,  Project:1564529177000
16:37:23 INFO  : Project system_top_hw_platform_0's source hardware specification located at /media/2TB/workspace/rsarwar/work/TE1001_160/refdesign/test_board/workspace/sdk/system_top.hdf is now different from the local copy.
		 The local copy will be replaced with the source specification and your workspace will be updated.
16:37:25 INFO  : Copied contents of /media/2TB/workspace/rsarwar/work/TE1001_160/refdesign/test_board/workspace/sdk/system_top.hdf into /system_top_hw_platform_0/system.hdf.
16:37:26 INFO  : Synchronizing projects in the workspace with the hardware platform specification changes.
16:37:28 INFO  : 
16:37:29 INFO  : 
16:37:29 INFO  : Updating hardware inferred compiler options for fmcjesd.
16:37:30 INFO  : Updating hardware inferred compiler options for srec_spi_bootloader.
16:37:30 INFO  : Clearing existing target manager status.
16:38:13 INFO  : 'targets -set -filter {jtag_cable_name =~ "Digilent JTAG-HS3 210299A17B27" && level==0} -index 0' command is executed.
16:38:13 INFO  : 'fpga -state' command is executed.
16:38:13 INFO  : Connected to target on host '10.211.3.140' and port '3121'.
16:38:14 INFO  : Jtag cable 'Digilent JTAG-HS3 210299A17B27' is selected.
16:38:14 INFO  : 'jtag frequency' command is executed.
16:38:14 INFO  : 'configparams mdm-detect-bscan-mask 2' command is executed.
16:38:14 INFO  : Context for processor 'sys_mb_microblaze_0' is selected.
16:38:14 INFO  : Processor reset is completed for 'sys_mb_microblaze_0'.
16:38:14 INFO  : Context for processor 'sys_mb_microblaze_0' is selected.
16:38:14 INFO  : The application '/media/2TB/workspace/rsarwar/work/TE1001_160/refdesign/test_board/workspace/sdk/fmcjesd/Debug/fmcjesd.elf' is downloaded to processor 'sys_mb_microblaze_0'.
16:38:14 INFO  : ----------------XSDB Script----------------
connect -url tcp:10.211.3.140:3121
configparams mdm-detect-bscan-mask 2
targets -set -nocase -filter {name =~ "microblaze*#0" && bscan=="USER2"  && jtag_cable_name =~ "Digilent JTAG-HS3 210299A17B27"} -index 0
rst -processor
targets -set -nocase -filter {name =~ "microblaze*#0" && bscan=="USER2"  && jtag_cable_name =~ "Digilent JTAG-HS3 210299A17B27"} -index 0
dow /media/2TB/workspace/rsarwar/work/TE1001_160/refdesign/test_board/workspace/sdk/fmcjesd/Debug/fmcjesd.elf
----------------End of Script----------------

16:38:59 INFO  : Disconnected from the channel tcfchan#1.
09:33:18 INFO  : Launching XSCT server: xsct -n -interactive /media/2TB/workspace/rsarwar/work/TE1001_160/refdesign/test_board/workspace/sdk/temp_xsdb_launch_script.tcl
09:33:18 INFO  : Registering command handlers for SDK TCF services
09:33:20 INFO  : XSCT server has started successfully.
09:33:20 INFO  : Successfully done setting XSCT server connection channel  
09:33:20 INFO  : Successfully done setting SDK workspace  
09:33:20 INFO  : Restoring local repository preferences: 
		 /media/2TB/workspace/rsarwar/work/TE1001_160/refdesign/test_board/sw_lib
09:33:21 INFO  : Processing command line option -lp /media/2TB/workspace/rsarwar/work/TE1001_160/refdesign/test_board/sw_lib.
09:33:25 INFO  : SDK has detected change in the last modified timestamps for source hardware specification file Source:1568304288000,  Project:1568302493000
09:33:25 INFO  : Project system_top_hw_platform_0's source hardware specification located at /media/2TB/workspace/rsarwar/work/TE1001_160/refdesign/test_board/workspace/sdk/system_top.hdf is now different from the local copy.
		 The local copy will be replaced with the source specification and your workspace will be updated.
09:33:26 INFO  : Copied contents of /media/2TB/workspace/rsarwar/work/TE1001_160/refdesign/test_board/workspace/sdk/system_top.hdf into /system_top_hw_platform_0/system.hdf.
09:33:28 INFO  : Synchronizing projects in the workspace with the hardware platform specification changes.
09:33:29 INFO  : 
09:33:31 INFO  : 
09:33:31 INFO  : Updating hardware inferred compiler options for fmcjesd.
09:33:32 INFO  : Updating hardware inferred compiler options for srec_spi_bootloader.
09:33:32 INFO  : Clearing existing target manager status.
09:33:55 INFO  : 'targets -set -filter {jtag_cable_name =~ "Digilent JTAG-HS3 210299A17B27" && level==0} -index 0' command is executed.
09:33:55 INFO  : 'fpga -state' command is executed.
09:33:55 INFO  : Connected to target on host '10.211.3.140' and port '3121'.
09:33:55 INFO  : Jtag cable 'Digilent JTAG-HS3 210299A17B27' is selected.
09:33:55 INFO  : 'jtag frequency' command is executed.
09:33:55 INFO  : 'configparams mdm-detect-bscan-mask 2' command is executed.
09:33:55 INFO  : Context for processor 'sys_mb_microblaze_0' is selected.
09:33:55 INFO  : Processor reset is completed for 'sys_mb_microblaze_0'.
09:33:55 INFO  : Context for processor 'sys_mb_microblaze_0' is selected.
09:33:56 INFO  : The application '/media/2TB/workspace/rsarwar/work/TE1001_160/refdesign/test_board/workspace/sdk/fmcjesd/Debug/fmcjesd.elf' is downloaded to processor 'sys_mb_microblaze_0'.
09:33:56 INFO  : ----------------XSDB Script----------------
connect -url tcp:10.211.3.140:3121
configparams mdm-detect-bscan-mask 2
targets -set -nocase -filter {name =~ "microblaze*#0" && bscan=="USER2"  && jtag_cable_name =~ "Digilent JTAG-HS3 210299A17B27"} -index 0
rst -processor
targets -set -nocase -filter {name =~ "microblaze*#0" && bscan=="USER2"  && jtag_cable_name =~ "Digilent JTAG-HS3 210299A17B27"} -index 0
dow /media/2TB/workspace/rsarwar/work/TE1001_160/refdesign/test_board/workspace/sdk/fmcjesd/Debug/fmcjesd.elf
----------------End of Script----------------

09:35:37 INFO  : Disconnected from the channel tcfchan#1.
09:39:51 INFO  : Launching XSCT server: xsct -n -interactive /media/2TB/workspace/rsarwar/work/TE1001_160/refdesign/test_board/workspace/sdk/temp_xsdb_launch_script.tcl
09:39:51 INFO  : Registering command handlers for SDK TCF services
09:39:53 INFO  : XSCT server has started successfully.
09:39:53 INFO  : Successfully done setting XSCT server connection channel  
09:39:53 INFO  : Successfully done setting SDK workspace  
09:39:53 INFO  : Restoring local repository preferences: 
		 /media/2TB/workspace/rsarwar/work/TE1001_160/refdesign/test_board/sw_lib
09:39:53 INFO  : Processing command line option -lp /media/2TB/workspace/rsarwar/work/TE1001_160/refdesign/test_board/sw_lib.
09:40:12 INFO  : Launching XSCT server: xsct -n -interactive /media/2TB/workspace/rsarwar/work/TE1001_160/refdesign/test_board/workspace/sdk/temp_xsdb_launch_script.tcl
09:40:12 INFO  : Registering command handlers for SDK TCF services
09:40:14 INFO  : XSCT server has started successfully.
09:40:14 INFO  : Successfully done setting XSCT server connection channel  
09:40:14 INFO  : Successfully done setting SDK workspace  
09:40:14 INFO  : Restoring local repository preferences: 
		 /media/2TB/workspace/rsarwar/work/TE1001_160/refdesign/test_board/sw_lib
09:40:15 INFO  : Processing command line option -lp /media/2TB/workspace/rsarwar/work/TE1001_160/refdesign/test_board/sw_lib.
09:46:05 INFO  : Registering command handlers for SDK TCF services
09:46:06 INFO  : Launching XSCT server: xsct -n -interactive /media/2TB/workspace/rsarwar/work/TE1001_160/refdesign/test_board/workspace/sdk/temp_xsdb_launch_script.tcl
09:46:08 INFO  : XSCT server has started successfully.
09:46:08 INFO  : Successfully done setting XSCT server connection channel  
09:46:08 INFO  : Successfully done setting SDK workspace  
09:46:08 INFO  : Restoring local repository preferences: 
		 /media/2TB/workspace/rsarwar/work/TE1001_160/refdesign/test_board/sw_lib
09:46:09 INFO  : Processing command line option -lp /media/2TB/workspace/rsarwar/work/TE1001_160/refdesign/test_board/sw_lib.
09:46:58 INFO  : Connected to target on host '127.0.0.1' and port '3121'.
09:47:48 INFO  : Launching XSCT server: xsct -n -interactive /media/2TB/workspace/rsarwar/work/TE1001_160/refdesign/test_board/workspace/sdk/temp_xsdb_launch_script.tcl
09:47:48 INFO  : Registering command handlers for SDK TCF services
09:47:50 INFO  : XSCT server has started successfully.
09:47:50 INFO  : Successfully done setting XSCT server connection channel  
09:47:50 INFO  : Successfully done setting SDK workspace  
09:47:50 INFO  : Restoring local repository preferences: 
		 /media/2TB/workspace/rsarwar/work/TE1001_160/refdesign/test_board/sw_lib
09:47:51 INFO  : Processing command line option -lp /media/2TB/workspace/rsarwar/work/TE1001_160/refdesign/test_board/sw_lib.
09:48:36 INFO  : Connected to target on host '10.211.3.140' and port '3121'.
09:48:37 INFO  : Jtag cable 'Digilent JTAG-HS3 210299A17B27' is selected.
09:48:37 INFO  : 'jtag frequency' command is executed.
09:48:37 INFO  : 'targets -set -filter {jtag_cable_name =~ "Digilent JTAG-HS3 210299A17B27" && level==0} -index 0' command is executed.
09:48:39 INFO  : FPGA configured successfully with bitstream "/media/2TB/workspace/rsarwar/work/TE1001_160/refdesign/test_board/workspace/sdk/system_top_hw_platform_0/download.bit"
09:48:39 INFO  : 'configparams mdm-detect-bscan-mask 2' command is executed.
09:48:39 INFO  : Context for processor 'sys_mb_microblaze_0' is selected.
09:48:39 INFO  : Processor reset is completed for 'sys_mb_microblaze_0'.
09:48:39 INFO  : Context for processor 'sys_mb_microblaze_0' is selected.
09:48:40 INFO  : The application '/media/2TB/workspace/rsarwar/work/TE1001_160/refdesign/test_board/workspace/sdk/fmcjesd/Debug/fmcjesd.elf' is downloaded to processor 'sys_mb_microblaze_0'.
09:48:40 INFO  : ----------------XSDB Script----------------
connect -url tcp:10.211.3.140:3121
targets -set -filter {jtag_cable_name =~ "Digilent JTAG-HS3 210299A17B27" && level==0} -index 0
fpga -file /media/2TB/workspace/rsarwar/work/TE1001_160/refdesign/test_board/workspace/sdk/system_top_hw_platform_0/download.bit
configparams mdm-detect-bscan-mask 2
targets -set -nocase -filter {name =~ "microblaze*#0" && bscan=="USER2"  && jtag_cable_name =~ "Digilent JTAG-HS3 210299A17B27"} -index 0
rst -processor
targets -set -nocase -filter {name =~ "microblaze*#0" && bscan=="USER2"  && jtag_cable_name =~ "Digilent JTAG-HS3 210299A17B27"} -index 0
dow /media/2TB/workspace/rsarwar/work/TE1001_160/refdesign/test_board/workspace/sdk/fmcjesd/Debug/fmcjesd.elf
----------------End of Script----------------

09:48:40 INFO  : Memory regions updated for context MicroBlaze #0
09:48:40 INFO  : Memory regions updated for context MicroBlaze Debug Module at USER2
09:48:40 INFO  : Context for processor 'sys_mb_microblaze_0' is selected.
09:48:40 INFO  : 'con' command is executed.
09:48:40 INFO  : ----------------XSDB Script (After Launch)----------------
targets -set -nocase -filter {name =~ "microblaze*#0" && bscan=="USER2"  && jtag_cable_name =~ "Digilent JTAG-HS3 210299A17B27"} -index 0
con
----------------End of Script----------------

09:48:40 INFO  : Launch script is exported to file '/media/2TB/workspace/rsarwar/work/TE1001_160/refdesign/test_board/workspace/sdk/.sdk/launch_scripts/xilinx_c-c++_application_(system_debugger)/system_debugger_using_debug_fmcjesd.elf_on_local.tcl'
09:48:57 INFO  : Disconnected from the channel tcfchan#2.
09:49:31 INFO  : Registering command handlers for SDK TCF services
09:49:32 INFO  : Launching XSCT server: xsct -n -interactive /media/2TB/workspace/rsarwar/work/TE1001_160/refdesign/test_board/workspace/sdk/temp_xsdb_launch_script.tcl
09:49:34 INFO  : XSCT server has started successfully.
09:49:34 INFO  : Successfully done setting XSCT server connection channel  
09:49:34 INFO  : Successfully done setting SDK workspace  
09:49:34 INFO  : Restoring local repository preferences: 
		 /media/2TB/workspace/rsarwar/work/TE1001_160/refdesign/test_board/sw_lib
09:49:34 INFO  : Processing command line option -lp /media/2TB/workspace/rsarwar/work/TE1001_160/refdesign/test_board/sw_lib.
09:49:50 INFO  : Connected to target on host '10.211.3.140' and port '3121'.
09:49:50 INFO  : Jtag cable 'Digilent JTAG-HS3 210299A17B27' is selected.
09:49:50 INFO  : 'jtag frequency' command is executed.
09:49:50 INFO  : 'targets -set -filter {jtag_cable_name =~ "Digilent JTAG-HS3 210299A17B27" && level==0} -index 0' command is executed.
09:49:53 INFO  : FPGA configured successfully with bitstream "/media/2TB/workspace/rsarwar/work/TE1001_160/refdesign/test_board/workspace/sdk/system_top_hw_platform_0/download.bit"
09:49:53 INFO  : 'configparams mdm-detect-bscan-mask 2' command is executed.
09:49:53 INFO  : Context for processor 'sys_mb_microblaze_0' is selected.
09:49:53 INFO  : Processor reset is completed for 'sys_mb_microblaze_0'.
09:49:53 INFO  : Context for processor 'sys_mb_microblaze_0' is selected.
09:49:53 INFO  : The application '/media/2TB/workspace/rsarwar/work/TE1001_160/refdesign/test_board/workspace/sdk/fmcjesd/Debug/fmcjesd.elf' is downloaded to processor 'sys_mb_microblaze_0'.
09:49:53 INFO  : ----------------XSDB Script----------------
connect -url tcp:10.211.3.140:3121
targets -set -filter {jtag_cable_name =~ "Digilent JTAG-HS3 210299A17B27" && level==0} -index 0
fpga -file /media/2TB/workspace/rsarwar/work/TE1001_160/refdesign/test_board/workspace/sdk/system_top_hw_platform_0/download.bit
configparams mdm-detect-bscan-mask 2
targets -set -nocase -filter {name =~ "microblaze*#0" && bscan=="USER2"  && jtag_cable_name =~ "Digilent JTAG-HS3 210299A17B27"} -index 0
rst -processor
targets -set -nocase -filter {name =~ "microblaze*#0" && bscan=="USER2"  && jtag_cable_name =~ "Digilent JTAG-HS3 210299A17B27"} -index 0
dow /media/2TB/workspace/rsarwar/work/TE1001_160/refdesign/test_board/workspace/sdk/fmcjesd/Debug/fmcjesd.elf
----------------End of Script----------------

09:49:53 INFO  : Memory regions updated for context MicroBlaze #0
09:49:53 INFO  : Memory regions updated for context MicroBlaze Debug Module at USER2
09:49:53 INFO  : Context for processor 'sys_mb_microblaze_0' is selected.
09:49:53 INFO  : 'con' command is executed.
09:49:53 INFO  : ----------------XSDB Script (After Launch)----------------
targets -set -nocase -filter {name =~ "microblaze*#0" && bscan=="USER2"  && jtag_cable_name =~ "Digilent JTAG-HS3 210299A17B27"} -index 0
con
----------------End of Script----------------

09:49:53 INFO  : Launch script is exported to file '/media/2TB/workspace/rsarwar/work/TE1001_160/refdesign/test_board/workspace/sdk/.sdk/launch_scripts/xilinx_c-c++_application_(system_debugger)/system_debugger_using_debug_fmcjesd.elf_on_local.tcl'
09:50:09 INFO  : Disconnected from the channel tcfchan#1.
09:53:05 INFO  : Registering command handlers for SDK TCF services
09:53:06 INFO  : Launching XSCT server: xsct -n -interactive /media/2TB/workspace/rsarwar/work/TE1001_160/refdesign/test_board/workspace/sdk/temp_xsdb_launch_script.tcl
09:53:08 INFO  : XSCT server has started successfully.
09:53:08 INFO  : Successfully done setting XSCT server connection channel  
09:53:08 INFO  : Successfully done setting SDK workspace  
09:53:08 INFO  : Restoring local repository preferences: 
		 /media/2TB/workspace/rsarwar/work/TE1001_160/refdesign/test_board/sw_lib
09:53:08 INFO  : Processing command line option -lp /media/2TB/workspace/rsarwar/work/TE1001_160/refdesign/test_board/sw_lib.
09:53:37 INFO  : Connected to target on host '10.211.3.140' and port '3121'.
09:53:37 INFO  : Jtag cable 'Digilent JTAG-HS3 210299A17B27' is selected.
09:53:37 INFO  : 'jtag frequency' command is executed.
09:53:37 INFO  : 'targets -set -filter {jtag_cable_name =~ "Digilent JTAG-HS3 210299A17B27" && level==0} -index 0' command is executed.
09:53:39 INFO  : FPGA configured successfully with bitstream "/media/2TB/workspace/rsarwar/work/TE1001_160/refdesign/test_board/workspace/sdk/system_top_hw_platform_0/download.bit"
09:53:39 INFO  : 'configparams mdm-detect-bscan-mask 2' command is executed.
09:53:39 INFO  : Context for processor 'sys_mb_microblaze_0' is selected.
09:53:39 INFO  : Processor reset is completed for 'sys_mb_microblaze_0'.
09:53:40 INFO  : Context for processor 'sys_mb_microblaze_0' is selected.
09:53:40 INFO  : The application '/media/2TB/workspace/rsarwar/work/TE1001_160/refdesign/test_board/workspace/sdk/fmcjesd/Debug/fmcjesd.elf' is downloaded to processor 'sys_mb_microblaze_0'.
09:53:40 INFO  : ----------------XSDB Script----------------
connect -url tcp:10.211.3.140:3121
targets -set -filter {jtag_cable_name =~ "Digilent JTAG-HS3 210299A17B27" && level==0} -index 0
fpga -file /media/2TB/workspace/rsarwar/work/TE1001_160/refdesign/test_board/workspace/sdk/system_top_hw_platform_0/download.bit
configparams mdm-detect-bscan-mask 2
targets -set -nocase -filter {name =~ "microblaze*#0" && bscan=="USER2"  && jtag_cable_name =~ "Digilent JTAG-HS3 210299A17B27"} -index 0
rst -processor
targets -set -nocase -filter {name =~ "microblaze*#0" && bscan=="USER2"  && jtag_cable_name =~ "Digilent JTAG-HS3 210299A17B27"} -index 0
dow /media/2TB/workspace/rsarwar/work/TE1001_160/refdesign/test_board/workspace/sdk/fmcjesd/Debug/fmcjesd.elf
----------------End of Script----------------

09:53:40 INFO  : Memory regions updated for context MicroBlaze #0
09:53:40 INFO  : Memory regions updated for context MicroBlaze Debug Module at USER2
09:53:40 INFO  : Context for processor 'sys_mb_microblaze_0' is selected.
09:53:40 INFO  : 'con' command is executed.
09:53:40 INFO  : ----------------XSDB Script (After Launch)----------------
targets -set -nocase -filter {name =~ "microblaze*#0" && bscan=="USER2"  && jtag_cable_name =~ "Digilent JTAG-HS3 210299A17B27"} -index 0
con
----------------End of Script----------------

09:53:40 INFO  : Launch script is exported to file '/media/2TB/workspace/rsarwar/work/TE1001_160/refdesign/test_board/workspace/sdk/.sdk/launch_scripts/xilinx_c-c++_application_(system_debugger)/system_debugger_using_debug_fmcjesd.elf_on_local.tcl'
09:55:44 INFO  : Disconnected from the channel tcfchan#1.
09:55:45 INFO  : 'targets -set -filter {jtag_cable_name =~ "Digilent JTAG-HS3 210299A17B27" && level==0} -index 0' command is executed.
09:55:45 INFO  : 'fpga -state' command is executed.
09:55:45 INFO  : Connected to target on host '10.211.3.140' and port '3121'.
09:55:45 INFO  : Jtag cable 'Digilent JTAG-HS3 210299A17B27' is selected.
09:55:45 INFO  : 'jtag frequency' command is executed.
09:55:45 INFO  : 'configparams mdm-detect-bscan-mask 2' command is executed.
09:55:46 INFO  : Context for processor 'sys_mb_microblaze_0' is selected.
09:55:46 INFO  : Processor reset is completed for 'sys_mb_microblaze_0'.
09:55:46 INFO  : Context for processor 'sys_mb_microblaze_0' is selected.
09:55:46 INFO  : The application '/media/2TB/workspace/rsarwar/work/TE1001_160/refdesign/test_board/workspace/sdk/fmcjesd/Debug/fmcjesd.elf' is downloaded to processor 'sys_mb_microblaze_0'.
09:55:46 INFO  : ----------------XSDB Script----------------
connect -url tcp:10.211.3.140:3121
configparams mdm-detect-bscan-mask 2
targets -set -nocase -filter {name =~ "microblaze*#0" && bscan=="USER2"  && jtag_cable_name =~ "Digilent JTAG-HS3 210299A17B27"} -index 0
rst -processor
targets -set -nocase -filter {name =~ "microblaze*#0" && bscan=="USER2"  && jtag_cable_name =~ "Digilent JTAG-HS3 210299A17B27"} -index 0
dow /media/2TB/workspace/rsarwar/work/TE1001_160/refdesign/test_board/workspace/sdk/fmcjesd/Debug/fmcjesd.elf
----------------End of Script----------------

09:55:46 INFO  : Memory regions updated for context MicroBlaze #0
09:55:46 INFO  : Memory regions updated for context MicroBlaze Debug Module at USER2
09:55:46 INFO  : Context for processor 'sys_mb_microblaze_0' is selected.
09:55:46 INFO  : 'con' command is executed.
09:55:46 INFO  : ----------------XSDB Script (After Launch)----------------
targets -set -nocase -filter {name =~ "microblaze*#0" && bscan=="USER2"  && jtag_cable_name =~ "Digilent JTAG-HS3 210299A17B27"} -index 0
con
----------------End of Script----------------

09:55:46 INFO  : Launch script is exported to file '/media/2TB/workspace/rsarwar/work/TE1001_160/refdesign/test_board/workspace/sdk/.sdk/launch_scripts/xilinx_c-c++_application_(system_debugger)/system_debugger_using_debug_fmcjesd.elf_on_local.tcl'
09:56:07 INFO  : 'targets -set -filter {jtag_cable_name =~ "Digilent JTAG-HS3 210299A17B27" && level==0} -index 0' command is executed.
09:56:07 INFO  : 'fpga -state' command is executed.
09:56:07 INFO  : Connected to target on host '10.211.3.140' and port '3121'.
09:56:07 INFO  : Jtag cable 'Digilent JTAG-HS3 210299A17B27' is selected.
09:56:07 INFO  : 'jtag frequency' command is executed.
09:56:07 INFO  : 'configparams mdm-detect-bscan-mask 2' command is executed.
09:56:07 INFO  : Context for processor 'sys_mb_microblaze_0' is selected.
09:56:07 INFO  : Processor reset is completed for 'sys_mb_microblaze_0'.
09:56:07 INFO  : Context for processor 'sys_mb_microblaze_0' is selected.
09:56:07 INFO  : The application '/media/2TB/workspace/rsarwar/work/TE1001_160/refdesign/test_board/workspace/sdk/fmcjesd/Debug/fmcjesd.elf' is downloaded to processor 'sys_mb_microblaze_0'.
09:56:07 INFO  : ----------------XSDB Script----------------
connect -url tcp:10.211.3.140:3121
configparams mdm-detect-bscan-mask 2
targets -set -nocase -filter {name =~ "microblaze*#0" && bscan=="USER2"  && jtag_cable_name =~ "Digilent JTAG-HS3 210299A17B27"} -index 0
rst -processor
targets -set -nocase -filter {name =~ "microblaze*#0" && bscan=="USER2"  && jtag_cable_name =~ "Digilent JTAG-HS3 210299A17B27"} -index 0
dow /media/2TB/workspace/rsarwar/work/TE1001_160/refdesign/test_board/workspace/sdk/fmcjesd/Debug/fmcjesd.elf
----------------End of Script----------------

09:56:22 INFO  : Disconnected from the channel tcfchan#2.
10:00:29 WARN  : channel "tcfchan#2" closed
10:00:30 INFO  : 'targets -set -filter {jtag_cable_name =~ "Digilent JTAG-HS3 210299A17B27" && level==0} -index 0' command is executed.
10:00:30 INFO  : 'fpga -state' command is executed.
10:00:30 INFO  : Connected to target on host '10.211.3.140' and port '3121'.
10:00:31 INFO  : Jtag cable 'Digilent JTAG-HS3 210299A17B27' is selected.
10:00:31 INFO  : 'jtag frequency' command is executed.
10:00:31 INFO  : 'configparams mdm-detect-bscan-mask 2' command is executed.
10:00:31 INFO  : Context for processor 'sys_mb_microblaze_0' is selected.
10:00:31 INFO  : Processor reset is completed for 'sys_mb_microblaze_0'.
10:00:31 INFO  : Context for processor 'sys_mb_microblaze_0' is selected.
10:00:31 INFO  : The application '/media/2TB/workspace/rsarwar/work/TE1001_160/refdesign/test_board/workspace/sdk/fmcjesd/Debug/fmcjesd.elf' is downloaded to processor 'sys_mb_microblaze_0'.
10:00:31 INFO  : ----------------XSDB Script----------------
connect -url tcp:10.211.3.140:3121
configparams mdm-detect-bscan-mask 2
targets -set -nocase -filter {name =~ "microblaze*#0" && bscan=="USER2"  && jtag_cable_name =~ "Digilent JTAG-HS3 210299A17B27"} -index 0
rst -processor
targets -set -nocase -filter {name =~ "microblaze*#0" && bscan=="USER2"  && jtag_cable_name =~ "Digilent JTAG-HS3 210299A17B27"} -index 0
dow /media/2TB/workspace/rsarwar/work/TE1001_160/refdesign/test_board/workspace/sdk/fmcjesd/Debug/fmcjesd.elf
----------------End of Script----------------

10:00:31 INFO  : Context for processor 'sys_mb_microblaze_0' is selected.
10:00:31 INFO  : 'con' command is executed.
10:00:31 INFO  : ----------------XSDB Script (After Launch)----------------
targets -set -nocase -filter {name =~ "microblaze*#0" && bscan=="USER2"  && jtag_cable_name =~ "Digilent JTAG-HS3 210299A17B27"} -index 0
con
----------------End of Script----------------

10:00:31 INFO  : Disconnected from the channel tcfchan#3.
10:00:52 INFO  : 'targets -set -filter {jtag_cable_name =~ "Digilent JTAG-HS3 210299A17B27" && level==0} -index 0' command is executed.
10:00:52 INFO  : 'fpga -state' command is executed.
10:00:52 INFO  : Connected to target on host '10.211.3.140' and port '3121'.
10:00:52 INFO  : Jtag cable 'Digilent JTAG-HS3 210299A17B27' is selected.
10:00:52 INFO  : 'jtag frequency' command is executed.
10:00:52 INFO  : 'configparams mdm-detect-bscan-mask 2' command is executed.
10:00:52 INFO  : Context for processor 'sys_mb_microblaze_0' is selected.
10:00:52 INFO  : Processor reset is completed for 'sys_mb_microblaze_0'.
10:00:52 INFO  : Context for processor 'sys_mb_microblaze_0' is selected.
10:00:52 INFO  : The application '/media/2TB/workspace/rsarwar/work/TE1001_160/refdesign/test_board/workspace/sdk/fmcjesd/Debug/fmcjesd.elf' is downloaded to processor 'sys_mb_microblaze_0'.
10:00:52 INFO  : ----------------XSDB Script----------------
connect -url tcp:10.211.3.140:3121
configparams mdm-detect-bscan-mask 2
targets -set -nocase -filter {name =~ "microblaze*#0" && bscan=="USER2"  && jtag_cable_name =~ "Digilent JTAG-HS3 210299A17B27"} -index 0
rst -processor
targets -set -nocase -filter {name =~ "microblaze*#0" && bscan=="USER2"  && jtag_cable_name =~ "Digilent JTAG-HS3 210299A17B27"} -index 0
dow /media/2TB/workspace/rsarwar/work/TE1001_160/refdesign/test_board/workspace/sdk/fmcjesd/Debug/fmcjesd.elf
----------------End of Script----------------

10:04:06 INFO  : Disconnected from the channel tcfchan#4.
